<?xml version="1.0" encoding="UTF-8"?>
<!-- Generated by org.testng.reporters.JUnitReportReporter -->
<testsuite hostname="DESKTOP-GJ40N9Q" failures="0" tests="1" name="SeleniumGrid.GridTest" time="24.886" errors="0" timestamp="2024-04-04T10:01:01 CEST" skipped="0">
  <testcase classname="SeleniumGrid.GridTest" name="testOnChrome" time="24.886"/>
  <system-out>
    <![CDATA[Test Executing on chrome
Diver session established with server
Test executng for amazon appliction
Test execution on chrome completed]]>
  </system-out>
</testsuite> <!-- SeleniumGrid.GridTest -->
