<?xml version="1.0" encoding="UTF-8"?>
<!-- Generated by org.testng.reporters.JUnitReportReporter -->
<testsuite hostname="DESKTOP-GJ40N9Q" failures="0" tests="3" name="com.CRM.TestCases.HomePageTest" time="0.801" errors="0" timestamp="2024-03-28T13:36:43 CET" skipped="0">
  <testcase classname="com.CRM.TestCases.HomePageTest" name="verifyURL" time="0.036"/>
  <system-out/>
  <testcase classname="com.CRM.TestCases.HomePageTest" name="verifyTitle" time="0.015"/>
  <system-out/>
  <testcase classname="com.CRM.TestCases.HomePageTest" name="verifySignIn" time="0.750"/>
  <system-out/>
</testsuite> <!-- com.CRM.TestCases.HomePageTest -->
