<?xml version="1.0" encoding="UTF-8"?>
<!-- Generated by org.testng.reporters.JUnitReportReporter -->
<testsuite hostname="DESKTOP-GJ40N9Q" failures="0" tests="3" name="com.CRM.TestCases.HomePageTest" time="0.580" errors="0" timestamp="2024-04-03T21:34:43 CEST" skipped="0">
  <testcase classname="com.CRM.TestCases.HomePageTest" name="verifyURL" time="0.027"/>
  <system-out/>
  <testcase classname="com.CRM.TestCases.HomePageTest" name="verifyTitle" time="0.020"/>
  <system-out/>
  <testcase classname="com.CRM.TestCases.HomePageTest" name="verifySignIn" time="0.533"/>
  <system-out/>
</testsuite> <!-- com.CRM.TestCases.HomePageTest -->
