<?xml version="1.0" encoding="UTF-8"?>
<!-- Generated by org.testng.reporters.JUnitReportReporter -->
<testsuite hostname="DESKTOP-GJ40N9Q" failures="0" tests="1" name="com.CRM.TestCases.LoginPageTest" time="7.205" errors="0" timestamp="2024-03-31T13:44:07 CEST" skipped="0">
  <testcase classname="com.CRM.TestCases.LoginPageTest" name="verifyLogin" time="7.205"/>
  <system-out/>
</testsuite> <!-- com.CRM.TestCases.LoginPageTest -->
