<?xml version="1.0" encoding="UTF-8"?>
<!-- Generated by org.testng.reporters.JUnitReportReporter -->
<testsuite hostname="DESKTOP-GJ40N9Q" failures="0" tests="1" name="com.CRM.TestCases.LoginPageTest" time="0.953" errors="0" timestamp="2024-03-31T20:04:00 CEST" skipped="0">
  <testcase classname="com.CRM.TestCases.LoginPageTest" name="verifyLogin" time="0.953"/>
  <system-out/>
</testsuite> <!-- com.CRM.TestCases.LoginPageTest -->
