<?xml version="1.0" encoding="UTF-8"?>
<!-- Generated by org.testng.reporters.JUnitReportReporter -->
<testsuite hostname="DESKTOP-GJ40N9Q" failures="0" tests="3" name="com.CRM.TestCases.HomePageTest" time="3.296" errors="0" timestamp="2024-03-31T20:04:00 CEST" skipped="0">
  <testcase classname="com.CRM.TestCases.HomePageTest" name="verifyURL" time="0.023"/>
  <system-out/>
  <testcase classname="com.CRM.TestCases.HomePageTest" name="verifyTitle" time="0.017"/>
  <system-out/>
  <testcase classname="com.CRM.TestCases.HomePageTest" name="verifySignIn" time="3.256"/>
  <system-out/>
</testsuite> <!-- com.CRM.TestCases.HomePageTest -->
