<?xml version="1.0" encoding="UTF-8"?>
<!-- Generated by org.testng.reporters.JUnitReportReporter -->
<testsuite hostname="DESKTOP-GJ40N9Q" failures="0" tests="1" name="com.CRM.TestCases.LoginPageTest" time="5.411" errors="0" timestamp="2024-04-04T10:33:59 CEST" skipped="0">
  <testcase classname="com.CRM.TestCases.LoginPageTest" name="verifyLogin" time="5.411"/>
  <system-out/>
</testsuite> <!-- com.CRM.TestCases.LoginPageTest -->
